<?xml version="1.0" encoding="UTF-8"?>
<!-- Generated by org.testng.reporters.JUnitReportReporter -->
<testsuite skipped="0" hostname="WTC-767053-L1" name="pract.P1" tests="1" failures="0" timestamp="22 Feb 2019 05:53:23 GMT" time="0.008" errors="0">
  <testcase name="f11" time="0.008" classname="pract.P1"/>
</testsuite> <!-- pract.P1 -->
